<?xml version="1.0" encoding="UTF-8"?>
<!-- Generated by org.testng.reporters.JUnitReportReporter -->
<testsuite skipped="0" hostname="DESKTOP-HSLJFSJ" name="practice.InnerIframe" tests="1" failures="0" timestamp="2022-07-13T22:55:18 IST" time="127.743" errors="0">
  <testcase name="inneriframe" time="127.743" classname="practice.InnerIframe"/>
  <system-out/>
</testsuite> <!-- practice.InnerIframe -->
