<?xml version="1.0" encoding="UTF-8"?>
<!-- Generated by org.testng.reporters.JUnitReportReporter -->
<testsuite skipped="2" hostname="DESKTOP-HSLJFSJ" name="practice.GsmArena" tests="3" failures="0" timestamp="2022-07-07T15:31:42 IST" time="80.635" errors="0">
  <testcase name="demoblaze" time="80.635" classname="practice.GsmArena"/>
  <system-out/>
  <testcase name="Testcase1" classname="practice.GsmArena">
    <skipped/>
  </testcase> <!-- Testcase1 -->
  <system-out/>
  <testcase name="getsamsungCount" classname="practice.GsmArena">
    <skipped/>
  </testcase> <!-- getsamsungCount -->
  <system-out/>
</testsuite> <!-- practice.GsmArena -->
