<?xml version="1.0" encoding="UTF-8"?>
<!-- Generated by org.testng.reporters.JUnitReportReporter -->
<testsuite skipped="0" hostname="DESKTOP-HSLJFSJ" name="practice.RedBus" tests="1" failures="0" timestamp="2022-07-14T19:21:45 IST" time="65.027" errors="0">
  <testcase name="redBus" time="65.027" classname="practice.RedBus"/>
  <system-out/>
</testsuite> <!-- practice.RedBus -->
