<?xml version="1.0" encoding="UTF-8"?>
<!-- Generated by org.testng.reporters.JUnitReportReporter -->
<testsuite skipped="0" hostname="DESKTOP-HSLJFSJ" name="dynamicXpathwithTable.Pagination" tests="1" failures="0" timestamp="2022-07-12T22:34:31 IST" time="33.564" errors="0">
  <testcase name="getPagination" time="33.564" classname="dynamicXpathwithTable.Pagination"/>
  <system-out/>
</testsuite> <!-- dynamicXpathwithTable.Pagination -->
