<?xml version="1.0" encoding="UTF-8"?>
<!-- Generated by org.testng.reporters.JUnitReportReporter -->
<testsuite skipped="0" hostname="DESKTOP-HSLJFSJ" name="practice.FrameHandling" tests="1" failures="0" timestamp="2022-07-13T18:25:02 IST" time="33.465" errors="0">
  <testcase name="frameHandled" time="33.465" classname="practice.FrameHandling"/>
  <system-out/>
</testsuite> <!-- practice.FrameHandling -->
