<?xml version="1.0" encoding="UTF-8"?>
<!-- Generated by org.testng.reporters.JUnitReportReporter -->
<testsuite skipped="0" hostname="DESKTOP-HSLJFSJ" name="com.amrut1.LogoScrenshot" tests="1" failures="0" timestamp="2022-06-20T22:36:13 IST" time="33.244" errors="0">
  <testcase name="logoScreen" time="33.244" classname="com.amrut1.LogoScrenshot"/>
  <system-out/>
</testsuite> <!-- com.amrut1.LogoScrenshot -->
