<?xml version="1.0" encoding="UTF-8"?>
<!-- Generated by org.testng.reporters.JUnitReportReporter -->
<testsuite skipped="1" hostname="DESKTOP-HSLJFSJ" name="practice.DemoBlaze" tests="2" failures="0" timestamp="2022-08-14T20:26:02 IST" time="61.906" errors="0">
  <testcase name="Dropdown" time="61.906" classname="practice.DemoBlaze"/>
  <system-out/>
  <testcase name="demoblaze" classname="practice.DemoBlaze">
    <skipped/>
  </testcase> <!-- demoblaze -->
  <system-out/>
</testsuite> <!-- practice.DemoBlaze -->
