<?xml version="1.0" encoding="UTF-8"?>
<!-- Generated by org.testng.reporters.JUnitReportReporter -->
<testsuite skipped="3" hostname="DESKTOP-HSLJFSJ" name="practice.KeysOparion" tests="4" failures="0" timestamp="2022-07-08T15:07:21 IST" time="40.110" errors="0">
  <testcase name="operation2" time="40.110" classname="practice.KeysOparion"/>
  <system-out/>
  <testcase name="mouseoperation" classname="practice.KeysOparion">
    <skipped/>
  </testcase> <!-- mouseoperation -->
  <system-out/>
  <testcase name="keyfunction" classname="practice.KeysOparion">
    <skipped/>
  </testcase> <!-- keyfunction -->
  <system-out/>
  <testcase name="operation1" classname="practice.KeysOparion">
    <skipped/>
  </testcase> <!-- operation1 -->
  <system-out/>
</testsuite> <!-- practice.KeysOparion -->
