<?xml version="1.0" encoding="UTF-8"?>
<!-- Generated by org.testng.reporters.JUnitReportReporter -->
<testsuite skipped="0" hostname="DESKTOP-HSLJFSJ" name="com.amrut1.Screenshot" tests="1" failures="0" timestamp="2022-06-20T13:25:07 IST" time="65.018" errors="0">
  <testcase name="takeScreenshot" time="65.018" classname="com.amrut1.Screenshot"/>
  <system-out/>
</testsuite> <!-- com.amrut1.Screenshot -->
