<?xml version="1.0" encoding="UTF-8"?>
<!-- Generated by org.testng.reporters.JUnitReportReporter -->
<testsuite skipped="1" hostname="DESKTOP-HSLJFSJ" name="practice.RightClickAction" tests="2" failures="0" timestamp="2022-08-02T17:09:46 IST" time="80.932" errors="0">
  <testcase name="doubleclick" time="80.932" classname="practice.RightClickAction"/>
  <system-out/>
  <testcase name="rightClickAction" classname="practice.RightClickAction">
    <skipped/>
  </testcase> <!-- rightClickAction -->
  <system-out/>
</testsuite> <!-- practice.RightClickAction -->
