<?xml version="1.0" encoding="UTF-8"?>
<!-- Generated by org.testng.reporters.JUnitReportReporter -->
<testsuite skipped="0" hostname="DESKTOP-HSLJFSJ" name="practice.Multiple" tests="1" failures="0" timestamp="2022-08-17T15:55:16 IST" time="63.025" errors="0">
  <testcase name="sugglist" time="63.025" classname="practice.Multiple"/>
  <system-out/>
</testsuite> <!-- practice.Multiple -->
