<?xml version="1.0" encoding="UTF-8"?>
<!-- Generated by org.testng.reporters.JUnitReportReporter -->
<testsuite skipped="3" hostname="DESKTOP-HSLJFSJ" name="com.amrut1.ExcelReading" tests="4" failures="0" timestamp="2022-06-21T00:52:10 IST" time="33.021" errors="0">
  <testcase name="loginActitime" time="33.021" classname="com.amrut1.ExcelReading"/>
  <system-out/>
  <testcase name="getCellCount" classname="com.amrut1.ExcelReading">
    <skipped/>
  </testcase> <!-- getCellCount -->
  <system-out/>
  <testcase name="getRowCount" classname="com.amrut1.ExcelReading">
    <skipped/>
  </testcase> <!-- getRowCount -->
  <system-out/>
  <testcase name="getSheetCount" classname="com.amrut1.ExcelReading">
    <skipped/>
  </testcase> <!-- getSheetCount -->
  <system-out/>
</testsuite> <!-- com.amrut1.ExcelReading -->
