<?xml version="1.0" encoding="UTF-8"?>
<!-- Generated by org.testng.reporters.JUnitReportReporter -->
<testsuite skipped="0" hostname="DESKTOP-HSLJFSJ" name="com.amrut1.DataProviderDemo" tests="3" failures="0" timestamp="2022-08-16T17:46:21 IST" time="78.307" errors="0">
  <testcase name="TestCaseGoogleSearch" time="41.663" classname="com.amrut1.DataProviderDemo"/>
  <system-out/>
  <testcase name="TestCaseGoogleSearch" time="15.986" classname="com.amrut1.DataProviderDemo"/>
  <system-out/>
  <testcase name="TestCaseGoogleSearch" time="20.658" classname="com.amrut1.DataProviderDemo"/>
  <system-out/>
</testsuite> <!-- com.amrut1.DataProviderDemo -->
