<?xml version="1.0" encoding="UTF-8"?>
<!-- Generated by org.testng.reporters.JUnitReportReporter -->
<testsuite skipped="0" hostname="DESKTOP-HSLJFSJ" name="advancexml.NopCommerce" tests="1" failures="0" timestamp="2022-08-16T16:32:26 IST" time="27.540" errors="0">
  <testcase name="login" time="27.540" classname="advancexml.NopCommerce"/>
  <system-out/>
</testsuite> <!-- advancexml.NopCommerce -->
