<?xml version="1.0" encoding="UTF-8"?>
<!-- Generated by org.testng.reporters.JUnitReportReporter -->
<testsuite skipped="0" hostname="DESKTOP-HSLJFSJ" name="advancexml.Parameterization" tests="4" failures="0" timestamp="2022-06-22T10:58:11 IST" time="170.769" errors="0">
  <testcase name="testCaseOne" time="0.027" classname="advancexml.Parameterization"/>
  <system-out/>
  <testcase name="testCase2" time="0.002" classname="advancexml.Parameterization"/>
  <system-out/>
  <testcase name="vtigerlogin" time="86.159" classname="advancexml.Parameterization"/>
  <system-out/>
  <testcase name="Actitimelogin" time="84.581" classname="advancexml.Parameterization"/>
  <system-out/>
</testsuite> <!-- advancexml.Parameterization -->
