<?xml version="1.0" encoding="UTF-8"?>
<!-- Generated by org.testng.reporters.JUnitReportReporter -->
<testsuite skipped="0" hostname="DESKTOP-HSLJFSJ" name="com.amrut1.DataProviderDemo" tests="3" failures="0" timestamp="2022-06-24T09:19:23 IST" time="69.413" errors="0">
  <testcase name="TestCaseGoogleSearch" time="18.479" classname="com.amrut1.DataProviderDemo"/>
  <system-out/>
  <testcase name="TestCaseGoogleSearch" time="18.096" classname="com.amrut1.DataProviderDemo"/>
  <system-out/>
  <testcase name="TestCaseGoogleSearch" time="32.838" classname="com.amrut1.DataProviderDemo"/>
  <system-out/>
</testsuite> <!-- com.amrut1.DataProviderDemo -->
